[debug] [2022-06-23T14:03:47.610Z] ----------------------------------------------------------------------
[debug] [2022-06-23T14:03:47.611Z] Command:       C:\Program Files\nodejs\node.exe C:\Users\Kaban\AppData\Roaming\npm\node_modules\firebase-tools\lib\bin\firebase.js emulators:start
[debug] [2022-06-23T14:03:47.611Z] CLI Version:   11.0.1
[debug] [2022-06-23T14:03:47.611Z] Platform:      win32
[debug] [2022-06-23T14:03:47.611Z] Node Version:  v16.14.2
[debug] [2022-06-23T14:03:47.615Z] Time:          Thu Jun 23 2022 17:03:47 GMT+0300 (Москва, стандартное время)
[debug] [2022-06-23T14:03:47.615Z] ----------------------------------------------------------------------
[debug] 
[debug] [2022-06-23T14:03:47.618Z] >>> [apiv2][query] GET https://firebase-public.firebaseio.com/cli.json [none]
[debug] [2022-06-23T14:03:47.678Z] > command requires scopes: ["email","openid","https://www.googleapis.com/auth/cloudplatformprojects.readonly","https://www.googleapis.com/auth/firebase","https://www.googleapis.com/auth/cloud-platform"]
[debug] [2022-06-23T14:03:47.678Z] > authorizing via signed-in user (lalushka36@gmail.com)
[debug] [2022-06-23T14:03:47.893Z] java version "18.0.1.1" 2022-04-22

[debug] [2022-06-23T14:03:47.893Z] Java(TM) SE Runtime Environment (build 18.0.1.1+2-6)
Java HotSpot(TM) 64-Bit Server VM (build 18.0.1.1+2-6, mixed mode, sharing)

[debug] [2022-06-23T14:03:47.911Z] Parsed Java major version: 18
[info] i  emulators: Starting emulators: functions, database {"metadata":{"emulator":{"name":"hub"},"message":"Starting emulators: functions, database"}}
[warn] !  emulators: It seems that you are running multiple instances of the emulator suite for project pet-project-development. This may result in unexpected behavior. 
[debug] [2022-06-23T14:03:47.920Z] [hub] writing locator at C:\Users\Kaban\AppData\Local\Temp\hub-pet-project-development.json
[warn] !  functions: The following emulators are not running, calls to these services from the Functions emulator will affect production: auth, firestore, hosting, pubsub, storage {"metadata":{"emulator":{"name":"functions"},"message":"The following emulators are not running, calls to these services from the Functions emulator will affect production: \u001b[1mauth, firestore, hosting, pubsub, storage\u001b[22m"}}
[warn] !  Your requested "node" version "12" doesn't match your global version "16". Using node@16 from host. {"metadata":{"emulator":{"name":"functions"},"message":"Your requested \"node\" version \"12\" doesn't match your global version \"16\". Using node@16 from host."}}
[debug] [2022-06-23T14:03:47.988Z] defaultcredentials: writing to file C:\Users\Kaban\AppData\Roaming\firebase\lalushka36_gmail_com_application_default_credentials.json
[debug] [2022-06-23T14:03:47.990Z] Setting GAC to C:\Users\Kaban\AppData\Roaming\firebase\lalushka36_gmail_com_application_default_credentials.json {"metadata":{"emulator":{"name":"functions"},"message":"Setting GAC to C:\\Users\\Kaban\\AppData\\Roaming\\firebase\\lalushka36_gmail_com_application_default_credentials.json"}}
[debug] [2022-06-23T14:03:47.991Z] > refreshing access token with scopes: []
[debug] [2022-06-23T14:03:47.991Z] >>> HTTP REQUEST POST https://www.googleapis.com/oauth2/v3/token  
 <request body omitted>
[debug] [2022-06-23T14:03:48.275Z] <<< HTTP RESPONSE 200 {"cache-control":"no-cache, no-store, max-age=0, must-revalidate","date":"Thu, 23 Jun 2022 14:03:48 GMT","expires":"Mon, 01 Jan 1990 00:00:00 GMT","pragma":"no-cache","content-type":"application/json; charset=utf-8","vary":"X-Origin, Referer, Origin,Accept-Encoding","server":"scaffolding on HTTPServer2","x-xss-protection":"0","x-frame-options":"SAMEORIGIN","x-content-type-options":"nosniff","alt-svc":"h3=\":443\"; ma=2592000,h3-29=\":443\"; ma=2592000,h3-Q050=\":443\"; ma=2592000,h3-Q046=\":443\"; ma=2592000,h3-Q043=\":443\"; ma=2592000,quic=\":443\"; ma=2592000; v=\"46,43\"","accept-ranges":"none","transfer-encoding":"chunked"}
[debug] [2022-06-23T14:03:48.280Z] >>> [apiv2][query] GET https://firebase.googleapis.com/v1beta1/projects/pet-project-development/adminSdkConfig [none]
[debug] [2022-06-23T14:03:48.355Z] <<< [apiv2][status] GET https://firebase-public.firebaseio.com/cli.json 200
[debug] [2022-06-23T14:03:48.355Z] <<< [apiv2][body] GET https://firebase-public.firebaseio.com/cli.json {"cloudBuildErrorAfter":1594252800000,"cloudBuildWarnAfter":1590019200000,"defaultNode10After":1594252800000,"minVersion":"3.0.5","node8DeploysDisabledAfter":1613390400000,"node8RuntimeDisabledAfter":1615809600000,"node8WarnAfter":1600128000000}
[debug] [2022-06-23T14:03:48.867Z] <<< [apiv2][status] GET https://firebase.googleapis.com/v1beta1/projects/pet-project-development/adminSdkConfig 200
[debug] [2022-06-23T14:03:48.867Z] <<< [apiv2][body] GET https://firebase.googleapis.com/v1beta1/projects/pet-project-development/adminSdkConfig {"projectId":"pet-project-development","databaseURL":"https://pet-project-development-default-rtdb.firebaseio.com","storageBucket":"pet-project-development.appspot.com","locationId":"us-central"}
[debug] [2022-06-23T14:03:48.874Z] >>> [apiv2][query] GET https://firebase.googleapis.com/v1beta1/projects/pet-project-development [none]
[debug] [2022-06-23T14:03:49.342Z] <<< [apiv2][status] GET https://firebase.googleapis.com/v1beta1/projects/pet-project-development 200
[debug] [2022-06-23T14:03:49.342Z] <<< [apiv2][body] GET https://firebase.googleapis.com/v1beta1/projects/pet-project-development {"projectId":"pet-project-development","projectNumber":"148954991262","displayName":"pet-project-development","name":"projects/pet-project-development","resources":{"hostingSite":"pet-project-development","realtimeDatabaseInstance":"pet-project-development-default-rtdb","storageBucket":"pet-project-development.appspot.com","locationId":"us-central"},"state":"ACTIVE"}
[debug] [2022-06-23T14:03:49.342Z] database rules config:  [{"instance":"pet-project-development-default-rtdb","rules":"C:\\Users\\Kaban\\Desktop\\code\\tv-junkie\\database.rules.json"}]
[debug] [2022-06-23T14:03:49.345Z] Ignoring unsupported arg: projectId {"metadata":{"emulator":{"name":"database"},"message":"Ignoring unsupported arg: projectId"}}
[debug] [2022-06-23T14:03:49.346Z] Ignoring unsupported arg: auto_download {"metadata":{"emulator":{"name":"database"},"message":"Ignoring unsupported arg: auto_download"}}
[debug] [2022-06-23T14:03:49.346Z] Ignoring unsupported arg: rules {"metadata":{"emulator":{"name":"database"},"message":"Ignoring unsupported arg: rules"}}
[debug] [2022-06-23T14:03:49.346Z] Starting Database Emulator with command {"binary":"java","args":["-Duser.language=en","-jar","C:\\Users\\Kaban\\.cache\\firebase\\emulators\\firebase-database-emulator-v4.8.0.jar","--host","localhost","--port",9000,"--functions_emulator_host","localhost","--functions_emulator_port",5001],"optionalArgs":["port","host","functions_emulator_port","functions_emulator_host"],"joinArgs":false} {"metadata":{"emulator":{"name":"database"},"message":"Starting Database Emulator with command {\"binary\":\"java\",\"args\":[\"-Duser.language=en\",\"-jar\",\"C:\\\\Users\\\\Kaban\\\\.cache\\\\firebase\\\\emulators\\\\firebase-database-emulator-v4.8.0.jar\",\"--host\",\"localhost\",\"--port\",9000,\"--functions_emulator_host\",\"localhost\",\"--functions_emulator_port\",5001],\"optionalArgs\":[\"port\",\"host\",\"functions_emulator_port\",\"functions_emulator_host\"],\"joinArgs\":false}"}}
[info] i  database: Database Emulator logging to database-debug.log {"metadata":{"emulator":{"name":"database"},"message":"Database Emulator logging to \u001b[1mdatabase-debug.log\u001b[22m"}}
[debug] [2022-06-23T14:03:50.369Z] Ignoring unsupported arg: auto_download {"metadata":{"emulator":{"name":"ui"},"message":"Ignoring unsupported arg: auto_download"}}
[debug] [2022-06-23T14:03:50.369Z] Ignoring unsupported arg: port {"metadata":{"emulator":{"name":"ui"},"message":"Ignoring unsupported arg: port"}}
[debug] [2022-06-23T14:03:50.369Z] Starting Emulator UI with command {"binary":"node","args":["--dns-result-order=ipv4first","C:\\Users\\Kaban\\.cache\\firebase\\emulators\\ui-v1.7.0\\server.bundle.js"],"optionalArgs":[],"joinArgs":false} {"metadata":{"emulator":{"name":"ui"},"message":"Starting Emulator UI with command {\"binary\":\"node\",\"args\":[\"--dns-result-order=ipv4first\",\"C:\\\\Users\\\\Kaban\\\\.cache\\\\firebase\\\\emulators\\\\ui-v1.7.0\\\\server.bundle.js\"],\"optionalArgs\":[],\"joinArgs\":false}"}}
[info] i  ui: Emulator UI logging to ui-debug.log {"metadata":{"emulator":{"name":"ui"},"message":"Emulator UI logging to \u001b[1mui-debug.log\u001b[22m"}}
[debug] [2022-06-23T14:03:50.463Z] Web / API server started at localhost:4000
 {"metadata":{"emulator":{"name":"ui"},"message":"Web / API server started at localhost:4000\n"}}
[info] i  functions: Watching "C:\Users\Kaban\Desktop\code\tv-junkie\functions" for Cloud Functions... {"metadata":{"emulator":{"name":"functions"},"message":"Watching \"C:\\Users\\Kaban\\Desktop\\code\\tv-junkie\\functions\" for Cloud Functions..."}}
[debug] [2022-06-23T14:03:50.682Z] Validating nodejs source
[debug] [2022-06-23T14:03:52.497Z] > [functions] package.json contents: {
  "name": "functions",
  "scripts": {
    "lint": "eslint --ext .js,.ts .",
    "build": "tsc",
    "serve": "npm run build && firebase emulators:start --only functions",
    "shell": "npm run build && firebase functions:shell",
    "start": "npm run shell",
    "deploy": "firebase deploy --only functions",
    "logs": "firebase functions:log"
  },
  "engines": {
    "node": "12"
  },
  "main": "lib/index.js",
  "dependencies": {
    "cors": "^2.8.5",
    "firebase-admin": "^9.9.0",
    "firebase-functions": "^3.21.2"
  },
  "devDependencies": {
    "@types/cors": "^2.8.10",
    "@types/node": "^15.12.2",
    "@typescript-eslint/eslint-plugin": "^5.27.0",
    "@typescript-eslint/parser": "^5.27.0",
    "eslint": "^7.28.0",
    "eslint-config-google": "^0.14.0",
    "eslint-plugin-import": "^2.23.4",
    "firebase-functions-test": "^0.2.3",
    "typescript": "^4.7.2"
  },
  "private": true
}
[debug] [2022-06-23T14:03:52.497Z] Building nodejs source
[debug] [2022-06-23T14:03:52.497Z] Analyzing nodejs backend spec
[debug] [2022-06-23T14:03:52.498Z] Could not find functions.yaml. Must use http discovery
[debug] [2022-06-23T14:03:52.685Z] Serving at port 9005

[debug] [2022-06-23T14:03:52.813Z] Got response from /__/functions.yaml {"endpoints":{"updatePinnedTimeStamp":{"platform":"gcfv1","eventTrigger":{"eventType":"providers/google.firebase.database/eventTypes/ref.write","eventFilters":{"resource":"projects/_/instances/pet-project-development-default-rtdb/refs/users/{authUid}/contactsDatabase/contactsLastActivity/{contactUid}"},"retry":false},"labels":{},"entryPoint":"updatePinnedTimeStamp"},"addNewContactsActivity":{"platform":"gcfv1","eventTrigger":{"eventType":"providers/google.firebase.database/eventTypes/ref.create","eventFilters":{"resource":"projects/_/instances/pet-project-development-default-rtdb/refs/privateChats/{chatKey}/members/{memberKey}/unreadMessages"},"retry":false},"labels":{},"entryPoint":"addNewContactsActivity"},"addNewContactsActivityGroupChat":{"platform":"gcfv1","eventTrigger":{"eventType":"providers/google.firebase.database/eventTypes/ref.create","eventFilters":{"resource":"projects/_/instances/pet-project-development-default-rtdb/refs/groupChats/{chatKey}/members/unreadMessages/{memberKey}"},"retry":false},"labels":{},"entryPoint":"addNewContactsActivityGroupChat"},"removeNewContactsActivity":{"platform":"gcfv1","eventTrigger":{"eventType":"providers/google.firebase.database/eventTypes/ref.delete","eventFilters":{"resource":"projects/_/instances/pet-project-development-default-rtdb/refs/privateChats/{chatKey}/members/{memberKey}/unreadMessages"},"retry":false},"labels":{},"entryPoint":"removeNewContactsActivity"},"removeNewContactsActivityGroupChat":{"platform":"gcfv1","eventTrigger":{"eventType":"providers/google.firebase.database/eventTypes/ref.delete","eventFilters":{"resource":"projects/_/instances/pet-project-development-default-rtdb/refs/groupChats/{chatKey}/members/unreadMessages/{memberKey}"},"retry":false},"labels":{},"entryPoint":"removeNewContactsActivityGroupChat"},"incrementContacts":{"platform":"gcfv1","eventTrigger":{"eventType":"providers/google.firebase.database/eventTypes/ref.create","eventFilters":{"resource":"projects/_/instances/pet-project-development-default-rtdb/refs/users/{authUid}/contactsDatabase/contactsList/{contactUid}"},"retry":false},"labels":{},"entryPoint":"incrementContacts"},"decrementContacts":{"platform":"gcfv1","eventTrigger":{"eventType":"providers/google.firebase.database/eventTypes/ref.delete","eventFilters":{"resource":"projects/_/instances/pet-project-development-default-rtdb/refs/users/{authUid}/contactsDatabase/contactsList/{contactUid}"},"retry":false},"labels":{},"entryPoint":"decrementContacts"},"updateLastSeenPrivateChats":{"platform":"gcfv1","eventTrigger":{"eventType":"providers/google.firebase.database/eventTypes/ref.delete","eventFilters":{"resource":"projects/_/instances/pet-project-development-default-rtdb/refs/privateChats/{chatKey}/members/{memberKey}/status/isOnline"},"retry":false},"labels":{},"entryPoint":"updateLastSeenPrivateChats"},"updateLastSeenGroupChats":{"platform":"gcfv1","eventTrigger":{"eventType":"providers/google.firebase.database/eventTypes/ref.delete","eventFilters":{"resource":"projects/_/instances/pet-project-development-default-rtdb/refs/groupChats/{chatKey}/members/status/{memberKey}/isOnline"},"retry":false},"labels":{},"entryPoint":"updateLastSeenGroupChats"},"addNewGroupMembers":{"platform":"gcfv1","labels":{},"callableTrigger":{},"entryPoint":"addNewGroupMembers"},"removeMemberFromGroup":{"platform":"gcfv1","labels":{},"callableTrigger":{},"entryPoint":"removeMemberFromGroup"},"createNewGroup":{"platform":"gcfv1","labels":{},"callableTrigger":{},"entryPoint":"createNewGroup"},"newContactRequest":{"platform":"gcfv1","labels":{},"callableTrigger":{},"entryPoint":"newContactRequest"},"handleContactRequest":{"platform":"gcfv1","labels":{},"callableTrigger":{},"entryPoint":"handleContactRequest"}},"specVersion":"v1alpha1","requiredAPIs":[]}
[debug] [2022-06-23T14:03:52.819Z] shutdown requested via /__/quitquitquit

[debug] [2022-06-23T14:03:52.826Z] addRealtimeDatabaseTrigger[pet-project-development-default-rtdb] "{\"name\":\"projects/pet-project-development/locations/_/functions/us-central1-updatePinnedTimeStamp-0\",\"path\":\"/users/{authUid}/contactsDatabase/contactsLastActivity/{contactUid}\",\"event\":\"providers/google.firebase.database/eventTypes/ref.write\",\"topic\":\"projects/pet-project-development/topics/us-central1-updatePinnedTimeStamp-0\"}"
[debug] [2022-06-23T14:03:52.826Z] >>> [apiv2][query] POST http://localhost:9000/.settings/functionTriggers.json?ns=pet-project-development-default-rtdb [none]
[debug] [2022-06-23T14:03:52.826Z] >>> [apiv2][body] POST http://localhost:9000/.settings/functionTriggers.json?ns=pet-project-development-default-rtdb "{\"name\":\"projects/pet-project-development/locations/_/functions/us-central1-updatePinnedTimeStamp-0\",\"path\":\"/users/{authUid}/contactsDatabase/contactsLastActivity/{contactUid}\",\"event\":\"providers/google.firebase.database/eventTypes/ref.write\",\"topic\":\"projects/pet-project-development/topics/us-central1-updatePinnedTimeStamp-0\"}"
[debug] [2022-06-23T14:03:53.087Z] <<< [apiv2][status] POST http://localhost:9000/.settings/functionTriggers.json?ns=pet-project-development-default-rtdb 200
[debug] [2022-06-23T14:03:53.087Z] <<< [apiv2][body] POST http://localhost:9000/.settings/functionTriggers.json?ns=pet-project-development-default-rtdb {"status":"ok"}
[info] +  functions[us-central1-updatePinnedTimeStamp]: database function initialized. {"metadata":{"emulator":{"name":"functions"},"message":"\u001b[1mdatabase\u001b[22m function initialized."}}
[debug] [2022-06-23T14:03:53.088Z] addRealtimeDatabaseTrigger[pet-project-development-default-rtdb] "{\"name\":\"projects/pet-project-development/locations/_/functions/us-central1-addNewContactsActivity-0\",\"path\":\"/privateChats/{chatKey}/members/{memberKey}/unreadMessages\",\"event\":\"providers/google.firebase.database/eventTypes/ref.create\",\"topic\":\"projects/pet-project-development/topics/us-central1-addNewContactsActivity-0\"}"
[debug] [2022-06-23T14:03:53.088Z] >>> [apiv2][query] POST http://localhost:9000/.settings/functionTriggers.json?ns=pet-project-development-default-rtdb [none]
[debug] [2022-06-23T14:03:53.088Z] >>> [apiv2][body] POST http://localhost:9000/.settings/functionTriggers.json?ns=pet-project-development-default-rtdb "{\"name\":\"projects/pet-project-development/locations/_/functions/us-central1-addNewContactsActivity-0\",\"path\":\"/privateChats/{chatKey}/members/{memberKey}/unreadMessages\",\"event\":\"providers/google.firebase.database/eventTypes/ref.create\",\"topic\":\"projects/pet-project-development/topics/us-central1-addNewContactsActivity-0\"}"
[debug] [2022-06-23T14:03:53.094Z] <<< [apiv2][status] POST http://localhost:9000/.settings/functionTriggers.json?ns=pet-project-development-default-rtdb 200
[debug] [2022-06-23T14:03:53.094Z] <<< [apiv2][body] POST http://localhost:9000/.settings/functionTriggers.json?ns=pet-project-development-default-rtdb {"status":"ok"}
[info] +  functions[us-central1-addNewContactsActivity]: database function initialized. {"metadata":{"emulator":{"name":"functions"},"message":"\u001b[1mdatabase\u001b[22m function initialized."}}
[debug] [2022-06-23T14:03:53.094Z] addRealtimeDatabaseTrigger[pet-project-development-default-rtdb] "{\"name\":\"projects/pet-project-development/locations/_/functions/us-central1-addNewContactsActivityGroupChat-0\",\"path\":\"/groupChats/{chatKey}/members/unreadMessages/{memberKey}\",\"event\":\"providers/google.firebase.database/eventTypes/ref.create\",\"topic\":\"projects/pet-project-development/topics/us-central1-addNewContactsActivityGroupChat-0\"}"
[debug] [2022-06-23T14:03:53.094Z] >>> [apiv2][query] POST http://localhost:9000/.settings/functionTriggers.json?ns=pet-project-development-default-rtdb [none]
[debug] [2022-06-23T14:03:53.094Z] >>> [apiv2][body] POST http://localhost:9000/.settings/functionTriggers.json?ns=pet-project-development-default-rtdb "{\"name\":\"projects/pet-project-development/locations/_/functions/us-central1-addNewContactsActivityGroupChat-0\",\"path\":\"/groupChats/{chatKey}/members/unreadMessages/{memberKey}\",\"event\":\"providers/google.firebase.database/eventTypes/ref.create\",\"topic\":\"projects/pet-project-development/topics/us-central1-addNewContactsActivityGroupChat-0\"}"
[debug] [2022-06-23T14:03:53.100Z] <<< [apiv2][status] POST http://localhost:9000/.settings/functionTriggers.json?ns=pet-project-development-default-rtdb 200
[debug] [2022-06-23T14:03:53.100Z] <<< [apiv2][body] POST http://localhost:9000/.settings/functionTriggers.json?ns=pet-project-development-default-rtdb {"status":"ok"}
[info] +  functions[us-central1-addNewContactsActivityGroupChat]: database function initialized. {"metadata":{"emulator":{"name":"functions"},"message":"\u001b[1mdatabase\u001b[22m function initialized."}}
[debug] [2022-06-23T14:03:53.101Z] addRealtimeDatabaseTrigger[pet-project-development-default-rtdb] "{\"name\":\"projects/pet-project-development/locations/_/functions/us-central1-removeNewContactsActivity-0\",\"path\":\"/privateChats/{chatKey}/members/{memberKey}/unreadMessages\",\"event\":\"providers/google.firebase.database/eventTypes/ref.delete\",\"topic\":\"projects/pet-project-development/topics/us-central1-removeNewContactsActivity-0\"}"
[debug] [2022-06-23T14:03:53.101Z] >>> [apiv2][query] POST http://localhost:9000/.settings/functionTriggers.json?ns=pet-project-development-default-rtdb [none]
[debug] [2022-06-23T14:03:53.101Z] >>> [apiv2][body] POST http://localhost:9000/.settings/functionTriggers.json?ns=pet-project-development-default-rtdb "{\"name\":\"projects/pet-project-development/locations/_/functions/us-central1-removeNewContactsActivity-0\",\"path\":\"/privateChats/{chatKey}/members/{memberKey}/unreadMessages\",\"event\":\"providers/google.firebase.database/eventTypes/ref.delete\",\"topic\":\"projects/pet-project-development/topics/us-central1-removeNewContactsActivity-0\"}"
[debug] [2022-06-23T14:03:53.106Z] <<< [apiv2][status] POST http://localhost:9000/.settings/functionTriggers.json?ns=pet-project-development-default-rtdb 200
[debug] [2022-06-23T14:03:53.106Z] <<< [apiv2][body] POST http://localhost:9000/.settings/functionTriggers.json?ns=pet-project-development-default-rtdb {"status":"ok"}
[info] +  functions[us-central1-removeNewContactsActivity]: database function initialized. {"metadata":{"emulator":{"name":"functions"},"message":"\u001b[1mdatabase\u001b[22m function initialized."}}
[debug] [2022-06-23T14:03:53.106Z] addRealtimeDatabaseTrigger[pet-project-development-default-rtdb] "{\"name\":\"projects/pet-project-development/locations/_/functions/us-central1-removeNewContactsActivityGroupChat-0\",\"path\":\"/groupChats/{chatKey}/members/unreadMessages/{memberKey}\",\"event\":\"providers/google.firebase.database/eventTypes/ref.delete\",\"topic\":\"projects/pet-project-development/topics/us-central1-removeNewContactsActivityGroupChat-0\"}"
[debug] [2022-06-23T14:03:53.107Z] >>> [apiv2][query] POST http://localhost:9000/.settings/functionTriggers.json?ns=pet-project-development-default-rtdb [none]
[debug] [2022-06-23T14:03:53.107Z] >>> [apiv2][body] POST http://localhost:9000/.settings/functionTriggers.json?ns=pet-project-development-default-rtdb "{\"name\":\"projects/pet-project-development/locations/_/functions/us-central1-removeNewContactsActivityGroupChat-0\",\"path\":\"/groupChats/{chatKey}/members/unreadMessages/{memberKey}\",\"event\":\"providers/google.firebase.database/eventTypes/ref.delete\",\"topic\":\"projects/pet-project-development/topics/us-central1-removeNewContactsActivityGroupChat-0\"}"
[debug] [2022-06-23T14:03:53.115Z] <<< [apiv2][status] POST http://localhost:9000/.settings/functionTriggers.json?ns=pet-project-development-default-rtdb 200
[debug] [2022-06-23T14:03:53.115Z] <<< [apiv2][body] POST http://localhost:9000/.settings/functionTriggers.json?ns=pet-project-development-default-rtdb {"status":"ok"}
[info] +  functions[us-central1-removeNewContactsActivityGroupChat]: database function initialized. {"metadata":{"emulator":{"name":"functions"},"message":"\u001b[1mdatabase\u001b[22m function initialized."}}
[debug] [2022-06-23T14:03:53.115Z] addRealtimeDatabaseTrigger[pet-project-development-default-rtdb] "{\"name\":\"projects/pet-project-development/locations/_/functions/us-central1-incrementContacts-0\",\"path\":\"/users/{authUid}/contactsDatabase/contactsList/{contactUid}\",\"event\":\"providers/google.firebase.database/eventTypes/ref.create\",\"topic\":\"projects/pet-project-development/topics/us-central1-incrementContacts-0\"}"
[debug] [2022-06-23T14:03:53.116Z] >>> [apiv2][query] POST http://localhost:9000/.settings/functionTriggers.json?ns=pet-project-development-default-rtdb [none]
[debug] [2022-06-23T14:03:53.116Z] >>> [apiv2][body] POST http://localhost:9000/.settings/functionTriggers.json?ns=pet-project-development-default-rtdb "{\"name\":\"projects/pet-project-development/locations/_/functions/us-central1-incrementContacts-0\",\"path\":\"/users/{authUid}/contactsDatabase/contactsList/{contactUid}\",\"event\":\"providers/google.firebase.database/eventTypes/ref.create\",\"topic\":\"projects/pet-project-development/topics/us-central1-incrementContacts-0\"}"
[debug] [2022-06-23T14:03:53.123Z] <<< [apiv2][status] POST http://localhost:9000/.settings/functionTriggers.json?ns=pet-project-development-default-rtdb 200
[debug] [2022-06-23T14:03:53.123Z] <<< [apiv2][body] POST http://localhost:9000/.settings/functionTriggers.json?ns=pet-project-development-default-rtdb {"status":"ok"}
[info] +  functions[us-central1-incrementContacts]: database function initialized. {"metadata":{"emulator":{"name":"functions"},"message":"\u001b[1mdatabase\u001b[22m function initialized."}}
[debug] [2022-06-23T14:03:53.123Z] addRealtimeDatabaseTrigger[pet-project-development-default-rtdb] "{\"name\":\"projects/pet-project-development/locations/_/functions/us-central1-decrementContacts-0\",\"path\":\"/users/{authUid}/contactsDatabase/contactsList/{contactUid}\",\"event\":\"providers/google.firebase.database/eventTypes/ref.delete\",\"topic\":\"projects/pet-project-development/topics/us-central1-decrementContacts-0\"}"
[debug] [2022-06-23T14:03:53.124Z] >>> [apiv2][query] POST http://localhost:9000/.settings/functionTriggers.json?ns=pet-project-development-default-rtdb [none]
[debug] [2022-06-23T14:03:53.124Z] >>> [apiv2][body] POST http://localhost:9000/.settings/functionTriggers.json?ns=pet-project-development-default-rtdb "{\"name\":\"projects/pet-project-development/locations/_/functions/us-central1-decrementContacts-0\",\"path\":\"/users/{authUid}/contactsDatabase/contactsList/{contactUid}\",\"event\":\"providers/google.firebase.database/eventTypes/ref.delete\",\"topic\":\"projects/pet-project-development/topics/us-central1-decrementContacts-0\"}"
[debug] [2022-06-23T14:03:53.129Z] <<< [apiv2][status] POST http://localhost:9000/.settings/functionTriggers.json?ns=pet-project-development-default-rtdb 200
[debug] [2022-06-23T14:03:53.130Z] <<< [apiv2][body] POST http://localhost:9000/.settings/functionTriggers.json?ns=pet-project-development-default-rtdb {"status":"ok"}
[info] +  functions[us-central1-decrementContacts]: database function initialized. {"metadata":{"emulator":{"name":"functions"},"message":"\u001b[1mdatabase\u001b[22m function initialized."}}
[debug] [2022-06-23T14:03:53.130Z] addRealtimeDatabaseTrigger[pet-project-development-default-rtdb] "{\"name\":\"projects/pet-project-development/locations/_/functions/us-central1-updateLastSeenPrivateChats-0\",\"path\":\"/privateChats/{chatKey}/members/{memberKey}/status/isOnline\",\"event\":\"providers/google.firebase.database/eventTypes/ref.delete\",\"topic\":\"projects/pet-project-development/topics/us-central1-updateLastSeenPrivateChats-0\"}"
[debug] [2022-06-23T14:03:53.130Z] >>> [apiv2][query] POST http://localhost:9000/.settings/functionTriggers.json?ns=pet-project-development-default-rtdb [none]
[debug] [2022-06-23T14:03:53.131Z] >>> [apiv2][body] POST http://localhost:9000/.settings/functionTriggers.json?ns=pet-project-development-default-rtdb "{\"name\":\"projects/pet-project-development/locations/_/functions/us-central1-updateLastSeenPrivateChats-0\",\"path\":\"/privateChats/{chatKey}/members/{memberKey}/status/isOnline\",\"event\":\"providers/google.firebase.database/eventTypes/ref.delete\",\"topic\":\"projects/pet-project-development/topics/us-central1-updateLastSeenPrivateChats-0\"}"
[debug] [2022-06-23T14:03:53.137Z] <<< [apiv2][status] POST http://localhost:9000/.settings/functionTriggers.json?ns=pet-project-development-default-rtdb 200
[debug] [2022-06-23T14:03:53.137Z] <<< [apiv2][body] POST http://localhost:9000/.settings/functionTriggers.json?ns=pet-project-development-default-rtdb {"status":"ok"}
[info] +  functions[us-central1-updateLastSeenPrivateChats]: database function initialized. {"metadata":{"emulator":{"name":"functions"},"message":"\u001b[1mdatabase\u001b[22m function initialized."}}
[debug] [2022-06-23T14:03:53.138Z] addRealtimeDatabaseTrigger[pet-project-development-default-rtdb] "{\"name\":\"projects/pet-project-development/locations/_/functions/us-central1-updateLastSeenGroupChats-0\",\"path\":\"/groupChats/{chatKey}/members/status/{memberKey}/isOnline\",\"event\":\"providers/google.firebase.database/eventTypes/ref.delete\",\"topic\":\"projects/pet-project-development/topics/us-central1-updateLastSeenGroupChats-0\"}"
[debug] [2022-06-23T14:03:53.138Z] >>> [apiv2][query] POST http://localhost:9000/.settings/functionTriggers.json?ns=pet-project-development-default-rtdb [none]
[debug] [2022-06-23T14:03:53.138Z] >>> [apiv2][body] POST http://localhost:9000/.settings/functionTriggers.json?ns=pet-project-development-default-rtdb "{\"name\":\"projects/pet-project-development/locations/_/functions/us-central1-updateLastSeenGroupChats-0\",\"path\":\"/groupChats/{chatKey}/members/status/{memberKey}/isOnline\",\"event\":\"providers/google.firebase.database/eventTypes/ref.delete\",\"topic\":\"projects/pet-project-development/topics/us-central1-updateLastSeenGroupChats-0\"}"
[debug] [2022-06-23T14:03:53.142Z] <<< [apiv2][status] POST http://localhost:9000/.settings/functionTriggers.json?ns=pet-project-development-default-rtdb 200
[debug] [2022-06-23T14:03:53.143Z] <<< [apiv2][body] POST http://localhost:9000/.settings/functionTriggers.json?ns=pet-project-development-default-rtdb {"status":"ok"}
[info] +  functions[us-central1-updateLastSeenGroupChats]: database function initialized. {"metadata":{"emulator":{"name":"functions"},"message":"\u001b[1mdatabase\u001b[22m function initialized."}}
[info] +  functions[us-central1-addNewGroupMembers]: http function initialized (http://localhost:5001/pet-project-development/us-central1/addNewGroupMembers). {"metadata":{"emulator":{"name":"functions"},"message":"\u001b[1mhttp\u001b[22m function initialized (http://localhost:5001/pet-project-development/us-central1/addNewGroupMembers)."}}
[info] +  functions[us-central1-removeMemberFromGroup]: http function initialized (http://localhost:5001/pet-project-development/us-central1/removeMemberFromGroup). {"metadata":{"emulator":{"name":"functions"},"message":"\u001b[1mhttp\u001b[22m function initialized (http://localhost:5001/pet-project-development/us-central1/removeMemberFromGroup)."}}
[info] +  functions[us-central1-createNewGroup]: http function initialized (http://localhost:5001/pet-project-development/us-central1/createNewGroup). {"metadata":{"emulator":{"name":"functions"},"message":"\u001b[1mhttp\u001b[22m function initialized (http://localhost:5001/pet-project-development/us-central1/createNewGroup)."}}
[info] +  functions[us-central1-newContactRequest]: http function initialized (http://localhost:5001/pet-project-development/us-central1/newContactRequest). {"metadata":{"emulator":{"name":"functions"},"message":"\u001b[1mhttp\u001b[22m function initialized (http://localhost:5001/pet-project-development/us-central1/newContactRequest)."}}
[info] +  functions[us-central1-handleContactRequest]: http function initialized (http://localhost:5001/pet-project-development/us-central1/handleContactRequest). {"metadata":{"emulator":{"name":"functions"},"message":"\u001b[1mhttp\u001b[22m function initialized (http://localhost:5001/pet-project-development/us-central1/handleContactRequest)."}}
[debug] [2022-06-23T14:03:53.146Z] >>> [apiv2][query] PUT http://localhost:9000/.settings/rules.json ns=pet-project-development-default-rtdb
[debug] [2022-06-23T14:03:53.147Z] >>> [apiv2][body] PUT http://localhost:9000/.settings/rules.json "{\r\n  \"rules\": {\r\n    \"users\": {\r\n      \".read\": true,\r\n      \".write\": true,\r\n      \"$uid\": {\r\n        \".read\": \"auth != null && auth.uid == $uid\",\r\n        \".write\": \"!data.exists()\",\r\n        \"username\": { \".write\": true, \".read\": true },\r\n        \"email\": { \".write\": \"newData.exists() && auth.token.firebase.sign_in_provider === 'google.com'\" },\r\n        \"role\": { \".write\": \"newData.exists() && auth.token.firebase.sign_in_provider === 'google.com'\" },\r\n        \"content\": {\r\n          \".read\": true,\r\n          \".write\": \"auth != null && auth.uid == $uid\",\r\n          \"episodes\": {\r\n            \".indexOn\": [\"info/isAllWatched_database\", \"info/finished\"],\r\n            \"$id\": {\r\n              \"episodes\": {\r\n                \".indexOn\": \".value\"\r\n              }\r\n            }\r\n          },\r\n          \"shows\": {\r\n            \".indexOn\": [\"timeStamp\"]\r\n          }\r\n        },\r\n        \"contactsDatabase\": {\r\n          \".read\": true,\r\n          \".write\": true,\r\n          \"contactsList\": {\r\n            \".indexOn\": [\"pinned_lastActivityTS\", \"userName\", \"userNameLowerCase\"]\r\n          },\r\n          \"contactsLastActivity\": {\r\n            \".indexOn\": [\".value\"]\r\n          }\r\n        }\r\n      }\r\n    },\r\n    \"privateChats\": {\r\n      \".read\": true,\r\n      \".write\": true,\r\n      \"$key\": {\r\n        \"messages\": {\r\n          \".indexOn\": \"timeStamp\"\r\n        }\r\n      }\r\n    },\r\n    \"groupChats\": {\r\n      \".read\": true,\r\n      \".write\": true,\r\n      \"$key\": {\r\n        \"messages\": {\r\n          \".indexOn\": \"timeStamp\"\r\n        }\r\n      }\r\n    },\r\n    \"allShowsList\": {\r\n      \".read\": \"root.child('users').child(auth.uid).child('role').val() === 'ADMIN'\",\r\n      \".write\": false,\r\n      \"$id\": {\r\n        \".read\": \"auth != null\",\r\n        \".write\": \"(auth != null && !data.exists()) || root.child('users').child(auth.uid).child('role').val() === 'ADMIN'\",\r\n        \"usersWatching\": {\r\n          \".write\": \"auth != null && data.exists() && newData.exists()\"\r\n        },\r\n        \"info\": { \".read\": true },\r\n        \".validate\": \"newData.hasChildren(['id', 'info'])\"\r\n      }\r\n    }\r\n  }\r\n}\r\n"
[debug] [2022-06-23T14:03:53.203Z] <<< [apiv2][status] PUT http://localhost:9000/.settings/rules.json 200
[debug] [2022-06-23T14:03:53.203Z] <<< [apiv2][body] PUT http://localhost:9000/.settings/rules.json {"status":"ok"}
[info] 
┌─────────────────────────────────────────────────────────────┐
│ ✔  All emulators ready! It is now safe to connect your app. │
│ i  View Emulator UI at http://localhost:4000                │
└─────────────────────────────────────────────────────────────┘

┌───────────┬────────────────┬─────────────────────────────────┐
│ Emulator  │ Host:Port      │ View in Emulator UI             │
├───────────┼────────────────┼─────────────────────────────────┤
│ Functions │ localhost:5001 │ http://localhost:4000/functions │
├───────────┼────────────────┼─────────────────────────────────┤
│ Database  │ localhost:9000 │ http://localhost:4000/database  │
└───────────┴────────────────┴─────────────────────────────────┘
  Emulator Hub running at localhost:4400
  Other reserved ports: 4500

Issues? Report them at https://github.com/firebase/firebase-tools/issues and attach the *-debug.log files.
 
